// Validating benchmarks:
// ***** BenchmarkRunner: Start   *****
// ***** Found 1 benchmark(s) in total *****
// ***** Building 1 exe(s) in Parallel: Start   *****
// start dotnet restore  /p:UseSharedCompilation=false /p:BuildInParallel=false /m:1 in G:\dick\git\Document\src\Sample\ConsoleApp\bin\Release\netcoreapp3.1\40379ef5-eb79-40d5-9a8a-f0c0636d5ea0
// command took 4.61s and exited with 0
// start dotnet build -c Release  --no-restore /p:UseSharedCompilation=false /p:BuildInParallel=false /m:1 in G:\dick\git\Document\src\Sample\ConsoleApp\bin\Release\netcoreapp3.1\40379ef5-eb79-40d5-9a8a-f0c0636d5ea0
// command took 5.57s and exited with 1
// start dotnet build -c Release  --no-restore --no-dependencies /p:UseSharedCompilation=false /p:BuildInParallel=false /m:1 in G:\dick\git\Document\src\Sample\ConsoleApp\bin\Release\netcoreapp3.1\40379ef5-eb79-40d5-9a8a-f0c0636d5ea0
// command took 2.79s and exited with 1
// ***** Done, took 00:00:14 (14.29 sec)   *****
// Found 1 benchmarks:
//   Test.Run: DefaultJob

// Build Error: Standard output: 
  
 Standard error: 
 已用时间 00:00:02.08
    1 个错误
    0 个警告
40379ef5-eb79-40d5-9a8a-f0c0636d5ea0.notcs(177,16): error CS1729: 'Test' does not contain a constructor that takes 0 arguments [G:\dick\git\Document\src\Sample\ConsoleApp\bin\Release\netcoreapp3.1\40379ef5-eb79-40d5-9a8a-f0c0636d5ea0\BenchmarkDotNet.Autogenerated.csproj]
生成失败。
40379ef5-eb79-40d5-9a8a-f0c0636d5ea0.notcs(177,16): error CS1729: 'Test' does not contain a constructor that takes 0 arguments [G:\dick\git\Document\src\Sample\ConsoleApp\bin\Release\netcoreapp3.1\40379ef5-eb79-40d5-9a8a-f0c0636d5ea0\BenchmarkDotNet.Autogenerated.csproj]
版权所有(C) Microsoft Corporation。保留所有权利。
用于 .NET Core 的 Microsoft (R) 生成引擎版本 16.4.0+e901037fe

// ***** BenchmarkRunner: Finish  *****

// * Export *
  BenchmarkDotNet.Artifacts\results\ConsoleApp.Demo.Test-report.csv
  BenchmarkDotNet.Artifacts\results\ConsoleApp.Demo.Test-report-github.md
  BenchmarkDotNet.Artifacts\results\ConsoleApp.Demo.Test-report.html

// * Detailed results *
Test.Run: DefaultJob
Runtime = ; GC = 
There are not any results runs

// * Summary *

BenchmarkDotNet=v0.12.0, OS=Windows 10.0.17763.914 (1809/October2018Update/Redstone5)
Intel Core i3-4170 CPU 3.70GHz (Haswell), 1 CPU, 4 logical and 2 physical cores
.NET Core SDK=3.1.100
  [Host] : .NET Core 3.1.0 (CoreCLR 4.700.19.56402, CoreFX 4.700.19.56404), X64 RyuJIT  [AttachedDebugger]


| Method | Mean | Error |
|------- |-----:|------:|
|    Run |   NA |    NA |

Benchmarks with issues:
  Test.Run: DefaultJob

// * Warnings *
Environment
  Summary -> Benchmark was executed with attached debugger

// * Legends *
  Mean  : Arithmetic mean of all measurements
  Error : Half of 99.9% confidence interval
  1 ns  : 1 Nanosecond (0.000000001 sec)

// ***** BenchmarkRunner: End *****
// ** Remained 0 benchmark(s) to run **
Run time: 00:00:01 (1.31 sec), executed benchmarks: 0

Global total time: 00:00:15 (15.61 sec), executed benchmarks: 0
// * Artifacts cleanup *
